t=2026-04-28T15:36:36-0600 lvl=info msg="open config file" path=/home/olecram/.config/ngrok/ngrok.yml err=nil
t=2026-04-28T15:36:36-0600 lvl=info msg="FIPS 140 mode" enabled=false
t=2026-04-28T15:36:36-0600 lvl=info msg="starting web service" obj=web addr=127.0.0.1:4040 allow_hosts=[]
t=2026-04-28T15:36:36-0600 lvl=info msg="update available" obj=updater
t=2026-04-28T15:36:37-0600 lvl=info msg="client session established" obj=tunnels.session
t=2026-04-28T15:36:37-0600 lvl=info msg="tunnel session started" obj=tunnels.session
t=2026-04-28T15:36:37-0600 lvl=info msg="started tunnel" obj=tunnels name=command_line addr=http://localhost:8090 url=https://fraternal-unbridle-overflow.ngrok-free.dev
t=2026-04-28T15:36:37-0600 lvl=info msg=start pg=/api/tunnels id=f2ed7f9746eed760
t=2026-04-28T15:36:37-0600 lvl=info msg=end pg=/api/tunnels id=f2ed7f9746eed760 status=200 dur=691.258µs
t=2026-04-28T15:36:37-0600 lvl=info msg=start pg=/api/tunnels id=5145d88cc1b5d26e
t=2026-04-28T15:36:37-0600 lvl=info msg=end pg=/api/tunnels id=5145d88cc1b5d26e status=200 dur=373.708µs
t=2026-04-28T15:36:37-0600 lvl=info msg=start pg=/api/tunnels id=c31e72466a66ff73
t=2026-04-28T15:36:37-0600 lvl=info msg=end pg=/api/tunnels id=c31e72466a66ff73 status=200 dur=106.874µs
t=2026-04-28T15:36:57-0600 lvl=info msg="received stop request" obj=app stopReq="{err:<nil> restart:false}"
t=2026-04-28T15:36:57-0600 lvl=info msg="session closing" obj=tunnels.session err=nil
t=2026-04-28T15:36:57-0600 lvl=info msg="accept failed" obj=tunnels.session obj=csess id=1ff353f47927 err="reconnecting session closed"
t=2026-04-28T15:36:57-0600 lvl=info msg="failed to accept connection: Listener closed" obj=tunnels.session clientid=fd4276fbf12fb5d0db64066e0651d26e
t=2026-04-28T15:36:57-0600 lvl=warn msg="Stopping forwarder" name=command_line acceptErr="failed to accept connection: Listener closed"
t=2026-04-28T15:36:57-0600 lvl=warn msg="Error restarting forwarder" name=command_line err="failed to start tunnel: remote gone away"
t=2026-04-28T15:36:57-0600 lvl=info msg="no more state changes" obj=tunnels.session
